2025-04-03 15:53:31 - Running enable-usb script...
2025-04-03 15:53:37 - Checking server states...
2025-04-03 15:54:10 - Checking if backup drive is mounted...
2025-04-03 15:54:10 - Backup drive is not mounted. Attempting to mount /dev/sdb1...
2025-04-03 15:54:11 - Backup drive mounted successfully.
2025-04-03 15:54:11 - Setting up backup directory structure...
2025-04-03 15:54:11 - Backup directory structure set up with appropriate permissions.
2025-04-03 15:54:11 - Deleting previous backups...
2025-04-03 15:54:11 - Previous backups deleted.
2025-04-03 15:54:11 - Copying VM files from my_platforms...
2025-04-03 16:42:15 - Copy of my_platforms completed.
2025-04-03 16:42:15 - Copying VM files from ldr-server...
2025-04-03 17:06:47 - Copy of ldr-server completed.
2025-04-03 17:06:47 - Copying VM files from FF-server...
2025-04-03 17:09:11 - Copy of FF-server completed.
2025-04-03 17:09:11 - Copying Nginx configuration files...
2025-04-03 17:09:11 - Copy of Nginx configuration completed.
2025-04-03 17:09:11 - Latest version of Server VM Backup completed successfully!
2025-04-03 17:09:11 - Unmounting the external backup drive...
2025-04-03 17:09:25 - Running disable-usb script...
2025-04-03 17:48:42 - Running enable-usb script...
2025-04-04 01:45:50 - Running enable-usb script...
2025-04-04 01:45:56 - Checking server states...
2025-04-04 01:46:56 - Checking if backup drive is mounted...
2025-04-04 01:46:56 - Backup drive is not mounted. Attempting to mount /dev/sdb1...
2025-04-04 01:46:56 - Backup drive mounted successfully.
2025-04-04 01:46:56 - Setting up backup directory structure...
2025-04-04 01:46:56 - Backup directory structure set up with appropriate permissions.
2025-04-04 01:46:56 - Deleting previous backups...
2025-04-04 01:46:56 - Previous backups deleted.
2025-04-04 01:46:56 - Copying VM files from my_platforms...
2025-04-04 02:35:13 - Copy of my_platforms completed.
2025-04-04 02:35:13 - Copying VM files from ldr-server...
2025-04-04 02:59:44 - Copy of ldr-server completed.
2025-04-04 02:59:44 - Copying VM files from FF-server...
2025-04-04 03:02:11 - Copy of FF-server completed.
2025-04-04 03:02:11 - Copying Nginx configuration files...
2025-04-04 03:02:11 - Copy of Nginx configuration completed.
2025-04-04 03:02:11 - Latest version of Server VM Backup completed successfully!
2025-04-04 03:02:11 - Unmounting the external backup drive...
2025-04-04 03:02:21 - Running disable-usb script...
